<?xml version="1.0" encoding="UTF-8"?>
<testsuite xmlns:xsi="http://www.w3.org/2001/XMLSchema-instance" xsi:noNamespaceSchemaLocation="https://maven.apache.org/surefire/maven-surefire-plugin/xsd/surefire-test-report.xsd" name="org.qducloud.QducloudApplicationTests" time="5.45" tests="1" errors="0" skipped="0" failures="0">
  <properties>
    <property name="sun.desktop" value="windows"/>
    <property name="awt.toolkit" value="sun.awt.windows.WToolkit"/>
    <property name="file.encoding.pkg" value="sun.io"/>
    <property name="java.specification.version" value="1.8"/>
    <property name="sun.cpu.isalist" value="amd64"/>
    <property name="sun.jnu.encoding" value="GBK"/>
    <property name="java.class.path" value="C:\Users\haona\Desktop\qducloud\qducloud\target\test-classes;C:\Users\haona\Desktop\qducloud\qducloud\target\classes;D:\maven\org\springframework\boot\spring-boot-starter-jdbc\2.0.1.RELEASE\spring-boot-starter-jdbc-2.0.1.RELEASE.jar;D:\maven\org\springframework\boot\spring-boot-starter\2.0.1.RELEASE\spring-boot-starter-2.0.1.RELEASE.jar;D:\maven\org\springframework\boot\spring-boot-starter-logging\2.0.1.RELEASE\spring-boot-starter-logging-2.0.1.RELEASE.jar;D:\maven\ch\qos\logback\logback-classic\1.2.3\logback-classic-1.2.3.jar;D:\maven\ch\qos\logback\logback-core\1.2.3\logback-core-1.2.3.jar;D:\maven\org\apache\logging\log4j\log4j-to-slf4j\2.10.0\log4j-to-slf4j-2.10.0.jar;D:\maven\org\apache\logging\log4j\log4j-api\2.10.0\log4j-api-2.10.0.jar;D:\maven\org\slf4j\jul-to-slf4j\1.7.25\jul-to-slf4j-1.7.25.jar;D:\maven\javax\annotation\javax.annotation-api\1.3.2\javax.annotation-api-1.3.2.jar;D:\maven\org\yaml\snakeyaml\1.19\snakeyaml-1.19.jar;D:\maven\com\zaxxer\HikariCP\2.7.8\HikariCP-2.7.8.jar;D:\maven\org\springframework\spring-jdbc\5.0.5.RELEASE\spring-jdbc-5.0.5.RELEASE.jar;D:\maven\org\springframework\spring-beans\5.0.5.RELEASE\spring-beans-5.0.5.RELEASE.jar;D:\maven\org\springframework\spring-tx\5.0.5.RELEASE\spring-tx-5.0.5.RELEASE.jar;D:\maven\org\springframework\boot\spring-boot-starter-web\2.0.1.RELEASE\spring-boot-starter-web-2.0.1.RELEASE.jar;D:\maven\org\springframework\boot\spring-boot-starter-json\2.0.1.RELEASE\spring-boot-starter-json-2.0.1.RELEASE.jar;D:\maven\com\fasterxml\jackson\core\jackson-databind\2.9.5\jackson-databind-2.9.5.jar;D:\maven\com\fasterxml\jackson\core\jackson-core\2.9.5\jackson-core-2.9.5.jar;D:\maven\com\fasterxml\jackson\datatype\jackson-datatype-jdk8\2.9.5\jackson-datatype-jdk8-2.9.5.jar;D:\maven\com\fasterxml\jackson\datatype\jackson-datatype-jsr310\2.9.5\jackson-datatype-jsr310-2.9.5.jar;D:\maven\com\fasterxml\jackson\module\jackson-module-parameter-names\2.9.5\jackson-module-parameter-names-2.9.5.jar;D:\maven\org\springframework\boot\spring-boot-starter-tomcat\2.0.1.RELEASE\spring-boot-starter-tomcat-2.0.1.RELEASE.jar;D:\maven\org\apache\tomcat\embed\tomcat-embed-core\8.5.29\tomcat-embed-core-8.5.29.jar;D:\maven\org\apache\tomcat\embed\tomcat-embed-el\8.5.29\tomcat-embed-el-8.5.29.jar;D:\maven\org\apache\tomcat\embed\tomcat-embed-websocket\8.5.29\tomcat-embed-websocket-8.5.29.jar;D:\maven\org\hibernate\validator\hibernate-validator\6.0.9.Final\hibernate-validator-6.0.9.Final.jar;D:\maven\javax\validation\validation-api\2.0.1.Final\validation-api-2.0.1.Final.jar;D:\maven\org\jboss\logging\jboss-logging\3.3.2.Final\jboss-logging-3.3.2.Final.jar;D:\maven\org\springframework\spring-web\5.0.5.RELEASE\spring-web-5.0.5.RELEASE.jar;D:\maven\org\springframework\spring-webmvc\5.0.5.RELEASE\spring-webmvc-5.0.5.RELEASE.jar;D:\maven\org\springframework\spring-aop\5.0.5.RELEASE\spring-aop-5.0.5.RELEASE.jar;D:\maven\org\springframework\spring-context\5.0.5.RELEASE\spring-context-5.0.5.RELEASE.jar;D:\maven\org\springframework\spring-expression\5.0.5.RELEASE\spring-expression-5.0.5.RELEASE.jar;D:\maven\org\mybatis\spring\boot\mybatis-spring-boot-starter\1.3.2\mybatis-spring-boot-starter-1.3.2.jar;D:\maven\org\mybatis\spring\boot\mybatis-spring-boot-autoconfigure\1.3.2\mybatis-spring-boot-autoconfigure-1.3.2.jar;D:\maven\org\mybatis\mybatis\3.4.6\mybatis-3.4.6.jar;D:\maven\org\mybatis\mybatis-spring\1.3.2\mybatis-spring-1.3.2.jar;D:\maven\org\springframework\boot\spring-boot-devtools\2.0.1.RELEASE\spring-boot-devtools-2.0.1.RELEASE.jar;D:\maven\org\springframework\boot\spring-boot\2.0.1.RELEASE\spring-boot-2.0.1.RELEASE.jar;D:\maven\org\springframework\boot\spring-boot-autoconfigure\2.0.1.RELEASE\spring-boot-autoconfigure-2.0.1.RELEASE.jar;D:\maven\mysql\mysql-connector-java\5.1.46\mysql-connector-java-5.1.46.jar;D:\maven\org\springframework\boot\spring-boot-starter-test\2.0.1.RELEASE\spring-boot-starter-test-2.0.1.RELEASE.jar;D:\maven\org\springframework\boot\spring-boot-test\2.0.1.RELEASE\spring-boot-test-2.0.1.RELEASE.jar;D:\maven\org\springframework\boot\spring-boot-test-autoconfigure\2.0.1.RELEASE\spring-boot-test-autoconfigure-2.0.1.RELEASE.jar;D:\maven\com\jayway\jsonpath\json-path\2.4.0\json-path-2.4.0.jar;D:\maven\net\minidev\json-smart\2.3\json-smart-2.3.jar;D:\maven\net\minidev\accessors-smart\1.2\accessors-smart-1.2.jar;D:\maven\org\ow2\asm\asm\5.0.4\asm-5.0.4.jar;D:\maven\junit\junit\4.12\junit-4.12.jar;D:\maven\org\assertj\assertj-core\3.9.1\assertj-core-3.9.1.jar;D:\maven\org\mockito\mockito-core\2.15.0\mockito-core-2.15.0.jar;D:\maven\net\bytebuddy\byte-buddy\1.7.11\byte-buddy-1.7.11.jar;D:\maven\net\bytebuddy\byte-buddy-agent\1.7.11\byte-buddy-agent-1.7.11.jar;D:\maven\org\objenesis\objenesis\2.6\objenesis-2.6.jar;D:\maven\org\hamcrest\hamcrest-core\1.3\hamcrest-core-1.3.jar;D:\maven\org\hamcrest\hamcrest-library\1.3\hamcrest-library-1.3.jar;D:\maven\org\skyscreamer\jsonassert\1.5.0\jsonassert-1.5.0.jar;D:\maven\com\vaadin\external\google\android-json\0.0.20131108.vaadin1\android-json-0.0.20131108.vaadin1.jar;D:\maven\org\springframework\spring-core\5.0.5.RELEASE\spring-core-5.0.5.RELEASE.jar;D:\maven\org\springframework\spring-jcl\5.0.5.RELEASE\spring-jcl-5.0.5.RELEASE.jar;D:\maven\org\springframework\spring-test\5.0.5.RELEASE\spring-test-5.0.5.RELEASE.jar;D:\maven\org\xmlunit\xmlunit-core\2.5.1\xmlunit-core-2.5.1.jar;D:\maven\com\alibaba\druid\1.1.9\druid-1.1.9.jar;D:\maven\log4j\log4j\1.2.17\log4j-1.2.17.jar;D:\maven\io\springfox\springfox-swagger2\2.7.0\springfox-swagger2-2.7.0.jar;D:\maven\io\swagger\swagger-annotations\1.5.13\swagger-annotations-1.5.13.jar;D:\maven\io\swagger\swagger-models\1.5.13\swagger-models-1.5.13.jar;D:\maven\com\fasterxml\jackson\core\jackson-annotations\2.9.0\jackson-annotations-2.9.0.jar;D:\maven\io\springfox\springfox-spi\2.7.0\springfox-spi-2.7.0.jar;D:\maven\io\springfox\springfox-core\2.7.0\springfox-core-2.7.0.jar;D:\maven\io\springfox\springfox-schema\2.7.0\springfox-schema-2.7.0.jar;D:\maven\io\springfox\springfox-swagger-common\2.7.0\springfox-swagger-common-2.7.0.jar;D:\maven\io\springfox\springfox-spring-web\2.7.0\springfox-spring-web-2.7.0.jar;D:\maven\org\reflections\reflections\0.9.11\reflections-0.9.11.jar;D:\maven\org\javassist\javassist\3.21.0-GA\javassist-3.21.0-GA.jar;D:\maven\com\google\guava\guava\18.0\guava-18.0.jar;D:\maven\com\fasterxml\classmate\1.3.4\classmate-1.3.4.jar;D:\maven\org\slf4j\slf4j-api\1.7.25\slf4j-api-1.7.25.jar;D:\maven\org\springframework\plugin\spring-plugin-core\1.2.0.RELEASE\spring-plugin-core-1.2.0.RELEASE.jar;D:\maven\org\springframework\plugin\spring-plugin-metadata\1.2.0.RELEASE\spring-plugin-metadata-1.2.0.RELEASE.jar;D:\maven\org\mapstruct\mapstruct\1.1.0.Final\mapstruct-1.1.0.Final.jar;D:\maven\io\springfox\springfox-swagger-ui\2.7.0\springfox-swagger-ui-2.7.0.jar;D:\maven\com\github\xiaoymin\swagger-bootstrap-ui\1.6\swagger-bootstrap-ui-1.6.jar;"/>
    <property name="java.vm.vendor" value="Oracle Corporation"/>
    <property name="sun.arch.data.model" value="64"/>
    <property name="user.variant" value=""/>
    <property name="java.vendor.url" value="http://java.oracle.com/"/>
    <property name="user.timezone" value=""/>
    <property name="java.vm.specification.version" value="1.8"/>
    <property name="os.name" value="Windows 10"/>
    <property name="user.country" value="CN"/>
    <property name="sun.java.launcher" value="SUN_STANDARD"/>
    <property name="sun.boot.library.path" value="C:\Program Files\Java\jdk1.8.0_152\jre\bin"/>
    <property name="sun.java.command" value="C:\Users\haona\AppData\Local\Temp\surefire6847138332782691161\surefirebooter3815753990992947993.jar C:\Users\haona\AppData\Local\Temp\surefire6847138332782691161 2018-05-13T15-13-41_009-jvmRun1 surefire692930028891272961tmp surefire_05095969727230704934tmp"/>
    <property name="surefire.test.class.path" value="C:\Users\haona\Desktop\qducloud\qducloud\target\test-classes;C:\Users\haona\Desktop\qducloud\qducloud\target\classes;D:\maven\org\springframework\boot\spring-boot-starter-jdbc\2.0.1.RELEASE\spring-boot-starter-jdbc-2.0.1.RELEASE.jar;D:\maven\org\springframework\boot\spring-boot-starter\2.0.1.RELEASE\spring-boot-starter-2.0.1.RELEASE.jar;D:\maven\org\springframework\boot\spring-boot-starter-logging\2.0.1.RELEASE\spring-boot-starter-logging-2.0.1.RELEASE.jar;D:\maven\ch\qos\logback\logback-classic\1.2.3\logback-classic-1.2.3.jar;D:\maven\ch\qos\logback\logback-core\1.2.3\logback-core-1.2.3.jar;D:\maven\org\apache\logging\log4j\log4j-to-slf4j\2.10.0\log4j-to-slf4j-2.10.0.jar;D:\maven\org\apache\logging\log4j\log4j-api\2.10.0\log4j-api-2.10.0.jar;D:\maven\org\slf4j\jul-to-slf4j\1.7.25\jul-to-slf4j-1.7.25.jar;D:\maven\javax\annotation\javax.annotation-api\1.3.2\javax.annotation-api-1.3.2.jar;D:\maven\org\yaml\snakeyaml\1.19\snakeyaml-1.19.jar;D:\maven\com\zaxxer\HikariCP\2.7.8\HikariCP-2.7.8.jar;D:\maven\org\springframework\spring-jdbc\5.0.5.RELEASE\spring-jdbc-5.0.5.RELEASE.jar;D:\maven\org\springframework\spring-beans\5.0.5.RELEASE\spring-beans-5.0.5.RELEASE.jar;D:\maven\org\springframework\spring-tx\5.0.5.RELEASE\spring-tx-5.0.5.RELEASE.jar;D:\maven\org\springframework\boot\spring-boot-starter-web\2.0.1.RELEASE\spring-boot-starter-web-2.0.1.RELEASE.jar;D:\maven\org\springframework\boot\spring-boot-starter-json\2.0.1.RELEASE\spring-boot-starter-json-2.0.1.RELEASE.jar;D:\maven\com\fasterxml\jackson\core\jackson-databind\2.9.5\jackson-databind-2.9.5.jar;D:\maven\com\fasterxml\jackson\core\jackson-core\2.9.5\jackson-core-2.9.5.jar;D:\maven\com\fasterxml\jackson\datatype\jackson-datatype-jdk8\2.9.5\jackson-datatype-jdk8-2.9.5.jar;D:\maven\com\fasterxml\jackson\datatype\jackson-datatype-jsr310\2.9.5\jackson-datatype-jsr310-2.9.5.jar;D:\maven\com\fasterxml\jackson\module\jackson-module-parameter-names\2.9.5\jackson-module-parameter-names-2.9.5.jar;D:\maven\org\springframework\boot\spring-boot-starter-tomcat\2.0.1.RELEASE\spring-boot-starter-tomcat-2.0.1.RELEASE.jar;D:\maven\org\apache\tomcat\embed\tomcat-embed-core\8.5.29\tomcat-embed-core-8.5.29.jar;D:\maven\org\apache\tomcat\embed\tomcat-embed-el\8.5.29\tomcat-embed-el-8.5.29.jar;D:\maven\org\apache\tomcat\embed\tomcat-embed-websocket\8.5.29\tomcat-embed-websocket-8.5.29.jar;D:\maven\org\hibernate\validator\hibernate-validator\6.0.9.Final\hibernate-validator-6.0.9.Final.jar;D:\maven\javax\validation\validation-api\2.0.1.Final\validation-api-2.0.1.Final.jar;D:\maven\org\jboss\logging\jboss-logging\3.3.2.Final\jboss-logging-3.3.2.Final.jar;D:\maven\org\springframework\spring-web\5.0.5.RELEASE\spring-web-5.0.5.RELEASE.jar;D:\maven\org\springframework\spring-webmvc\5.0.5.RELEASE\spring-webmvc-5.0.5.RELEASE.jar;D:\maven\org\springframework\spring-aop\5.0.5.RELEASE\spring-aop-5.0.5.RELEASE.jar;D:\maven\org\springframework\spring-context\5.0.5.RELEASE\spring-context-5.0.5.RELEASE.jar;D:\maven\org\springframework\spring-expression\5.0.5.RELEASE\spring-expression-5.0.5.RELEASE.jar;D:\maven\org\mybatis\spring\boot\mybatis-spring-boot-starter\1.3.2\mybatis-spring-boot-starter-1.3.2.jar;D:\maven\org\mybatis\spring\boot\mybatis-spring-boot-autoconfigure\1.3.2\mybatis-spring-boot-autoconfigure-1.3.2.jar;D:\maven\org\mybatis\mybatis\3.4.6\mybatis-3.4.6.jar;D:\maven\org\mybatis\mybatis-spring\1.3.2\mybatis-spring-1.3.2.jar;D:\maven\org\springframework\boot\spring-boot-devtools\2.0.1.RELEASE\spring-boot-devtools-2.0.1.RELEASE.jar;D:\maven\org\springframework\boot\spring-boot\2.0.1.RELEASE\spring-boot-2.0.1.RELEASE.jar;D:\maven\org\springframework\boot\spring-boot-autoconfigure\2.0.1.RELEASE\spring-boot-autoconfigure-2.0.1.RELEASE.jar;D:\maven\mysql\mysql-connector-java\5.1.46\mysql-connector-java-5.1.46.jar;D:\maven\org\springframework\boot\spring-boot-starter-test\2.0.1.RELEASE\spring-boot-starter-test-2.0.1.RELEASE.jar;D:\maven\org\springframework\boot\spring-boot-test\2.0.1.RELEASE\spring-boot-test-2.0.1.RELEASE.jar;D:\maven\org\springframework\boot\spring-boot-test-autoconfigure\2.0.1.RELEASE\spring-boot-test-autoconfigure-2.0.1.RELEASE.jar;D:\maven\com\jayway\jsonpath\json-path\2.4.0\json-path-2.4.0.jar;D:\maven\net\minidev\json-smart\2.3\json-smart-2.3.jar;D:\maven\net\minidev\accessors-smart\1.2\accessors-smart-1.2.jar;D:\maven\org\ow2\asm\asm\5.0.4\asm-5.0.4.jar;D:\maven\junit\junit\4.12\junit-4.12.jar;D:\maven\org\assertj\assertj-core\3.9.1\assertj-core-3.9.1.jar;D:\maven\org\mockito\mockito-core\2.15.0\mockito-core-2.15.0.jar;D:\maven\net\bytebuddy\byte-buddy\1.7.11\byte-buddy-1.7.11.jar;D:\maven\net\bytebuddy\byte-buddy-agent\1.7.11\byte-buddy-agent-1.7.11.jar;D:\maven\org\objenesis\objenesis\2.6\objenesis-2.6.jar;D:\maven\org\hamcrest\hamcrest-core\1.3\hamcrest-core-1.3.jar;D:\maven\org\hamcrest\hamcrest-library\1.3\hamcrest-library-1.3.jar;D:\maven\org\skyscreamer\jsonassert\1.5.0\jsonassert-1.5.0.jar;D:\maven\com\vaadin\external\google\android-json\0.0.20131108.vaadin1\android-json-0.0.20131108.vaadin1.jar;D:\maven\org\springframework\spring-core\5.0.5.RELEASE\spring-core-5.0.5.RELEASE.jar;D:\maven\org\springframework\spring-jcl\5.0.5.RELEASE\spring-jcl-5.0.5.RELEASE.jar;D:\maven\org\springframework\spring-test\5.0.5.RELEASE\spring-test-5.0.5.RELEASE.jar;D:\maven\org\xmlunit\xmlunit-core\2.5.1\xmlunit-core-2.5.1.jar;D:\maven\com\alibaba\druid\1.1.9\druid-1.1.9.jar;D:\maven\log4j\log4j\1.2.17\log4j-1.2.17.jar;D:\maven\io\springfox\springfox-swagger2\2.7.0\springfox-swagger2-2.7.0.jar;D:\maven\io\swagger\swagger-annotations\1.5.13\swagger-annotations-1.5.13.jar;D:\maven\io\swagger\swagger-models\1.5.13\swagger-models-1.5.13.jar;D:\maven\com\fasterxml\jackson\core\jackson-annotations\2.9.0\jackson-annotations-2.9.0.jar;D:\maven\io\springfox\springfox-spi\2.7.0\springfox-spi-2.7.0.jar;D:\maven\io\springfox\springfox-core\2.7.0\springfox-core-2.7.0.jar;D:\maven\io\springfox\springfox-schema\2.7.0\springfox-schema-2.7.0.jar;D:\maven\io\springfox\springfox-swagger-common\2.7.0\springfox-swagger-common-2.7.0.jar;D:\maven\io\springfox\springfox-spring-web\2.7.0\springfox-spring-web-2.7.0.jar;D:\maven\org\reflections\reflections\0.9.11\reflections-0.9.11.jar;D:\maven\org\javassist\javassist\3.21.0-GA\javassist-3.21.0-GA.jar;D:\maven\com\google\guava\guava\18.0\guava-18.0.jar;D:\maven\com\fasterxml\classmate\1.3.4\classmate-1.3.4.jar;D:\maven\org\slf4j\slf4j-api\1.7.25\slf4j-api-1.7.25.jar;D:\maven\org\springframework\plugin\spring-plugin-core\1.2.0.RELEASE\spring-plugin-core-1.2.0.RELEASE.jar;D:\maven\org\springframework\plugin\spring-plugin-metadata\1.2.0.RELEASE\spring-plugin-metadata-1.2.0.RELEASE.jar;D:\maven\org\mapstruct\mapstruct\1.1.0.Final\mapstruct-1.1.0.Final.jar;D:\maven\io\springfox\springfox-swagger-ui\2.7.0\springfox-swagger-ui-2.7.0.jar;D:\maven\com\github\xiaoymin\swagger-bootstrap-ui\1.6\swagger-bootstrap-ui-1.6.jar;"/>
    <property name="sun.cpu.endian" value="little"/>
    <property name="user.home" value="C:\Users\haona"/>
    <property name="user.language" value="zh"/>
    <property name="java.specification.vendor" value="Oracle Corporation"/>
    <property name="java.home" value="C:\Program Files\Java\jdk1.8.0_152\jre"/>
    <property name="basedir" value="C:\Users\haona\Desktop\qducloud\qducloud"/>
    <property name="file.separator" value="\"/>
    <property name="line.separator" value="&#10;"/>
    <property name="java.vm.specification.vendor" value="Oracle Corporation"/>
    <property name="java.specification.name" value="Java Platform API Specification"/>
    <property name="java.awt.graphicsenv" value="sun.awt.Win32GraphicsEnvironment"/>
    <property name="surefire.real.class.path" value="C:\Users\haona\AppData\Local\Temp\surefire6847138332782691161\surefirebooter3815753990992947993.jar"/>
    <property name="sun.boot.class.path" value="C:\Program Files\Java\jdk1.8.0_152\jre\lib\resources.jar;C:\Program Files\Java\jdk1.8.0_152\jre\lib\rt.jar;C:\Program Files\Java\jdk1.8.0_152\jre\lib\sunrsasign.jar;C:\Program Files\Java\jdk1.8.0_152\jre\lib\jsse.jar;C:\Program Files\Java\jdk1.8.0_152\jre\lib\jce.jar;C:\Program Files\Java\jdk1.8.0_152\jre\lib\charsets.jar;C:\Program Files\Java\jdk1.8.0_152\jre\lib\jfr.jar;C:\Program Files\Java\jdk1.8.0_152\jre\classes"/>
    <property name="user.script" value=""/>
    <property name="sun.management.compiler" value="HotSpot 64-Bit Tiered Compilers"/>
    <property name="java.runtime.version" value="1.8.0_152-b16"/>
    <property name="user.name" value="haona"/>
    <property name="path.separator" value=";"/>
    <property name="os.version" value="10.0"/>
    <property name="java.endorsed.dirs" value="C:\Program Files\Java\jdk1.8.0_152\jre\lib\endorsed"/>
    <property name="java.runtime.name" value="Java(TM) SE Runtime Environment"/>
    <property name="file.encoding" value="GBK"/>
    <property name="java.vm.name" value="Java HotSpot(TM) 64-Bit Server VM"/>
    <property name="localRepository" value="D:\maven"/>
    <property name="java.vendor.url.bug" value="http://bugreport.sun.com/bugreport/"/>
    <property name="java.io.tmpdir" value="C:\Users\haona\AppData\Local\Temp\"/>
    <property name="java.version" value="1.8.0_152"/>
    <property name="user.dir" value="C:\Users\haona\Desktop\qducloud\qducloud"/>
    <property name="os.arch" value="amd64"/>
    <property name="java.vm.specification.name" value="Java Virtual Machine Specification"/>
    <property name="java.awt.printerjob" value="sun.awt.windows.WPrinterJob"/>
    <property name="sun.os.patch.level" value=""/>
    <property name="java.library.path" value="C:\Program Files\Java\jdk1.8.0_152\jre\bin;C:\Windows\Sun\Java\bin;C:\Windows\system32;C:\Windows;C:/Program Files/Java/jdk1.8.0_152/bin/../jre/bin/server;C:/Program Files/Java/jdk1.8.0_152/bin/../jre/bin;C:/Program Files/Java/jdk1.8.0_152/bin/../jre/lib/amd64;D:\app\haona\product\11.2.0\dbhome_1\bin;C:\Program Files\Java\jdk1.8.0_152\bin;C:\Program Files (x86)\Intel\iCLS Client\;C:\Program Files\Intel\iCLS Client\;C:\ProgramData\Oracle\Java\javapath;C:\Windows\system32;C:\Windows;C:\Windows\System32\Wbem;C:\Windows\System32\WindowsPowerShell\v1.0\;C:\Program Files (x86)\NVIDIA Corporation\PhysX\Common;C:\Program Files (x86)\Intel\Intel(R) Management Engine Components\DAL;C:\Program Files\Intel\Intel(R) Management Engine Components\DAL;C:\Program Files (x86)\Intel\Intel(R) Management Engine Components\IPT;C:\Program Files\Intel\Intel(R) Management Engine Components\IPT;C:\Program Files\VisualSVN Server\bin;C:\Program Files\TortoiseSVN\bin;C:\Program Files\MySQL\MySQL Server 5.7\bin;C:\Program Files\Java\jdk-9.0.1\jre\bin;D:\server\apache-cxf-3.1.11\apache-cxf-3.1.11\bin;D:\server\apache-maven-3.3.9\bin;C:\Program Files\MySQL\MySQL Utilities 1.6\;D:\Program Files\Git\cmd;C:\Users\haona\AppData\Local\Microsoft\WindowsApps;E:\工时填报软件;C:\Users\haona\AppData\Local\Microsoft\WindowsApps;D:\Program Files\spring-tool-suite-3.9.1.RELEASE-e4.7.1a-win32-x86_64\sts-bundle\sts-3.9.1.RELEASE;;."/>
    <property name="java.vm.info" value="mixed mode"/>
    <property name="java.vendor" value="Oracle Corporation"/>
    <property name="java.vm.version" value="25.152-b16"/>
    <property name="java.ext.dirs" value="C:\Program Files\Java\jdk1.8.0_152\jre\lib\ext;C:\Windows\Sun\Java\lib\ext"/>
    <property name="sun.io.unicode.encoding" value="UnicodeLittle"/>
    <property name="java.class.version" value="52.0"/>
  </properties>
  <testcase name="contextLoads" classname="org.qducloud.QducloudApplicationTests" time="0.166"/>
</testsuite>